[0.010s] Invoking command in '/home/master/Documents/Code/learnRos/build/six_axis_pubsub': CMAKE_PREFIX_PATH=${CMAKE_PREFIX_PATH}:/opt/ros/jazzy DEBUGINFOD_URLS=https://debuginfod.ubuntu.com /usr/bin/cmake --build /home/master/Documents/Code/learnRos/build/six_axis_pubsub -- -j48 -l48
[0.065s] [ 25%] [32mBuilding CXX object CMakeFiles/teleop_node.dir/src/teleop_node.cpp.o[0m
[0.070s] [ 75%] Built target arm_controller
[0.073s] [01m[K/home/master/Documents/Code/learnRos/src/six_axis_pubsub/src/teleop_node.cpp:[m[K In function â€˜[01m[Kvoid[01;32m[K input_loop[m[K()[m[Kâ€™:
[0.073s] [01m[K/home/master/Documents/Code/learnRos/src/six_axis_pubsub/src/teleop_node.cpp:3:12:[m[K [01;31m[Kerror: [m[Kâ€˜[01m[Krclcpp[m[Kâ€™ has not been declared
[0.073s]     3 |     while ([01;31m[Krclcpp[m[K::ok())
[0.073s]       |            [01;31m[K^~~~~~[m[K
[0.073s] [01m[K/home/master/Documents/Code/learnRos/src/six_axis_pubsub/src/teleop_node.cpp:5:14:[m[K [01;31m[Kerror: [m[Kâ€˜[01m[Kcout[m[Kâ€™ is not a member of â€˜[01m[Kstd[m[Kâ€™
[0.073s]     5 |         std::[01;31m[Kcout[m[K << "Select a joint (1-" << joint_names_.size() << ") or press 'k' to stop the node: ";
[0.074s]       |              [01;31m[K^~~~[m[K
[0.074s] [01m[K/home/master/Documents/Code/learnRos/src/six_axis_pubsub/src/teleop_node.cpp:1:1:[m[K [01;36m[Knote: [m[Kâ€˜[01m[Kstd::cout[m[Kâ€™ is defined in header â€˜[01m[K<iostream>[m[Kâ€™; did you forget to â€˜[01m[K#include <iostream>[m[Kâ€™?
[0.074s]   +++ |+[32m[K#include <iostream>[m[K
[0.074s]     1 | void input_loop()
[0.074s] [01m[K/home/master/Documents/Code/learnRos/src/six_axis_pubsub/src/teleop_node.cpp:5:46:[m[K [01;31m[Kerror: [m[Kâ€˜[01m[Kjoint_names_[m[Kâ€™ was not declared in this scope
[0.074s]     5 |         std::cout << "Select a joint (1-" << [01;31m[Kjoint_names_[m[K.size() << ") or press 'k' to stop the node: ";
[0.074s]       |                                              [01;31m[K^~~~~~~~~~~~[m[K
[0.074s] [01m[K/home/master/Documents/Code/learnRos/src/six_axis_pubsub/src/teleop_node.cpp:6:14:[m[K [01;31m[Kerror: [m[Kâ€˜[01m[Kstring[m[Kâ€™ is not a member of â€˜[01m[Kstd[m[Kâ€™
[0.074s]     6 |         std::[01;31m[Kstring[m[K input;
[0.074s]       |              [01;31m[K^~~~~~[m[K
[0.074s] [01m[K/home/master/Documents/Code/learnRos/src/six_axis_pubsub/src/teleop_node.cpp:1:1:[m[K [01;36m[Knote: [m[Kâ€˜[01m[Kstd::string[m[Kâ€™ is defined in header â€˜[01m[K<string>[m[Kâ€™; did you forget to â€˜[01m[K#include <string>[m[Kâ€™?
[0.075s]   +++ |+[32m[K#include <string>[m[K
[0.075s]     1 | void input_loop()
[0.075s] [01m[K/home/master/Documents/Code/learnRos/src/six_axis_pubsub/src/teleop_node.cpp:7:14:[m[K [01;31m[Kerror: [m[Kâ€˜[01m[Kcin[m[Kâ€™ is not a member of â€˜[01m[Kstd[m[Kâ€™
[0.075s]     7 |         std::[01;31m[Kcin[m[K >> input;
[0.075s]       |              [01;31m[K^~~[m[K
[0.075s] [01m[K/home/master/Documents/Code/learnRos/src/six_axis_pubsub/src/teleop_node.cpp:7:14:[m[K [01;36m[Knote: [m[Kâ€˜[01m[Kstd::cin[m[Kâ€™ is defined in header â€˜[01m[K<iostream>[m[Kâ€™; did you forget to â€˜[01m[K#include <iostream>[m[Kâ€™?
[0.075s] [01m[K/home/master/Documents/Code/learnRos/src/six_axis_pubsub/src/teleop_node.cpp:7:21:[m[K [01;31m[Kerror: [m[Kâ€˜[01m[Kinput[m[Kâ€™ was not declared in this scope; did you mean â€˜[01m[Kint[m[Kâ€™?
[0.075s]     7 |         std::cin >> [01;31m[Kinput[m[K;
[0.075s]       |                     [01;31m[K^~~~~[m[K
[0.075s]       |                     [32m[Kint[m[K
[0.075s] [01m[K/home/master/Documents/Code/learnRos/src/six_axis_pubsub/src/teleop_node.cpp:11:18:[m[K [01;31m[Kerror: [m[Kâ€˜[01m[Kcout[m[Kâ€™ is not a member of â€˜[01m[Kstd[m[Kâ€™
[0.075s]    11 |             std::[01;31m[Kcout[m[K << "Stopping the node..." << std::endl;
[0.076s]       |                  [01;31m[K^~~~[m[K
[0.076s] [01m[K/home/master/Documents/Code/learnRos/src/six_axis_pubsub/src/teleop_node.cpp:11:18:[m[K [01;36m[Knote: [m[Kâ€˜[01m[Kstd::cout[m[Kâ€™ is defined in header â€˜[01m[K<iostream>[m[Kâ€™; did you forget to â€˜[01m[K#include <iostream>[m[Kâ€™?
[0.076s] [01m[K/home/master/Documents/Code/learnRos/src/six_axis_pubsub/src/teleop_node.cpp:11:57:[m[K [01;31m[Kerror: [m[Kâ€˜[01m[Kendl[m[Kâ€™ is not a member of â€˜[01m[Kstd[m[Kâ€™
[0.076s]    11 |             std::cout << "Stopping the node..." << std::[01;31m[Kendl[m[K;
[0.076s]       |                                                         [01;31m[K^~~~[m[K
[0.076s] [01m[K/home/master/Documents/Code/learnRos/src/six_axis_pubsub/src/teleop_node.cpp:1:1:[m[K [01;36m[Knote: [m[Kâ€˜[01m[Kstd::endl[m[Kâ€™ is defined in header â€˜[01m[K<ostream>[m[Kâ€™; did you forget to â€˜[01m[K#include <ostream>[m[Kâ€™?
[0.076s]   +++ |+[32m[K#include <ostream>[m[K
[0.076s]     1 | void input_loop()
[0.076s] [01m[K/home/master/Documents/Code/learnRos/src/six_axis_pubsub/src/teleop_node.cpp:12:13:[m[K [01;31m[Kerror: [m[Kâ€˜[01m[Krclcpp[m[Kâ€™ has not been declared
[0.076s]    12 |             [01;31m[Krclcpp[m[K::shutdown();
[0.076s]       |             [01;31m[K^~~~~~[m[K
[0.076s] [01m[K/home/master/Documents/Code/learnRos/src/six_axis_pubsub/src/teleop_node.cpp:19:26:[m[K [01;31m[Kerror: [m[Kâ€˜[01m[Kstoi[m[Kâ€™ is not a member of â€˜[01m[Kstd[m[Kâ€™
[0.076s]    19 |             joint = std::[01;31m[Kstoi[m[K(input);
[0.076s]       |                          [01;31m[K^~~~[m[K
[0.077s] [01m[K/home/master/Documents/Code/learnRos/src/six_axis_pubsub/src/teleop_node.cpp:19:26:[m[K [01;36m[Knote: [m[Kâ€˜[01m[Kstd::stoi[m[Kâ€™ is defined in header â€˜[01m[K<string>[m[Kâ€™; did you forget to â€˜[01m[K#include <string>[m[Kâ€™?
[0.077s] [01m[K/home/master/Documents/Code/learnRos/src/six_axis_pubsub/src/teleop_node.cpp:21:44:[m[K [01;31m[Kerror: [m[Kexpected unqualified-id before â€˜[01m[K&[m[Kâ€™ token
[0.077s]    21 |         catch (const std::invalid_argument [01;31m[K&[m[K)
[0.077s]       |                                            [01;31m[K^[m[K
[0.077s] [01m[K/home/master/Documents/Code/learnRos/src/six_axis_pubsub/src/teleop_node.cpp:21:43:[m[K [01;31m[Kerror: [m[Kexpected â€˜[01m[K)[m[Kâ€™ before â€˜[01m[K&[m[Kâ€™ token
[0.077s]    21 |         catch [34m[K([m[Kconst std::invalid_argument[01;31m[K [m[K[32m[K&[m[K)
[0.077s]       |               [34m[K~[m[K                           [01;31m[K^[m[K[32m[K~[m[K
[0.077s]       |                                           [32m[K)[m[K
[0.077s] [01m[K/home/master/Documents/Code/learnRos/src/six_axis_pubsub/src/teleop_node.cpp:21:44:[m[K [01;31m[Kerror: [m[Kexpected â€˜[01m[K{[m[Kâ€™ before â€˜[01m[K&[m[Kâ€™ token
[0.077s]    21 |         catch (const std::invalid_argument [01;31m[K&[m[K)
[0.077s]       |                                            [01;31m[K^[m[K
[0.077s] [01m[K/home/master/Documents/Code/learnRos/src/six_axis_pubsub/src/teleop_node.cpp:21:45:[m[K [01;31m[Kerror: [m[Kexpected primary-expression before â€˜[01m[K)[m[Kâ€™ token
[0.077s]    21 |         catch (const std::invalid_argument &[01;31m[K)[m[K
[0.078s]       |                                             [01;31m[K^[m[K
[0.078s] [01m[K/home/master/Documents/Code/learnRos/src/six_axis_pubsub/src/teleop_node.cpp:29:18:[m[K [01;31m[Kerror: [m[Kâ€˜[01m[Kcout[m[Kâ€™ is not a member of â€˜[01m[Kstd[m[Kâ€™
[0.078s]    29 |             std::[01;31m[Kcout[m[K << "Invalid joint number. Please select between 1 and " << joint_names_.size() << "." << std::endl;
[0.078s]       |                  [01;31m[K^~~~[m[K
[0.078s] [01m[K/home/master/Documents/Code/learnRos/src/six_axis_pubsub/src/teleop_node.cpp:29:18:[m[K [01;36m[Knote: [m[Kâ€˜[01m[Kstd::cout[m[Kâ€™ is defined in header â€˜[01m[K<iostream>[m[Kâ€™; did you forget to â€˜[01m[K#include <iostream>[m[Kâ€™?
[0.078s] [01m[K/home/master/Documents/Code/learnRos/src/six_axis_pubsub/src/teleop_node.cpp:29:117:[m[K [01;31m[Kerror: [m[Kâ€˜[01m[Kendl[m[Kâ€™ is not a member of â€˜[01m[Kstd[m[Kâ€™
[0.078s]    29 |             std::cout << "Invalid joint number. Please select between 1 and " << joint_names_.size() << "." << std::[01;31m[Kendl[m[K;
[0.078s]       |                                                                                                                     [01;31m[K^~~~[m[K
[0.078s] [01m[K/home/master/Documents/Code/learnRos/src/six_axis_pubsub/src/teleop_node.cpp:29:117:[m[K [01;36m[Knote: [m[Kâ€˜[01m[Kstd::endl[m[Kâ€™ is defined in header â€˜[01m[K<ostream>[m[Kâ€™; did you forget to â€˜[01m[K#include <ostream>[m[Kâ€™?
[0.078s] [01m[K/home/master/Documents/Code/learnRos/src/six_axis_pubsub/src/teleop_node.cpp:33:9:[m[K [01;31m[Kerror: [m[Kâ€˜[01m[Kselected_joint_[m[Kâ€™ was not declared in this scope
[0.078s]    33 |         [01;31m[Kselected_joint_[m[K = joint - 1; // Convert to zero-based index
[0.079s]       |         [01;31m[K^~~~~~~~~~~~~~~[m[K
[0.079s] [01m[K/home/master/Documents/Code/learnRos/src/six_axis_pubsub/src/teleop_node.cpp:34:14:[m[K [01;31m[Kerror: [m[Kâ€˜[01m[Kcout[m[Kâ€™ is not a member of â€˜[01m[Kstd[m[Kâ€™
[0.079s]    34 |         std::[01;31m[Kcout[m[K << "Selected joint: " << joint_names_[selected_joint_] << std::endl;
[0.079s]       |              [01;31m[K^~~~[m[K
[0.079s] [01m[K/home/master/Documents/Code/learnRos/src/six_axis_pubsub/src/teleop_node.cpp:34:14:[m[K [01;36m[Knote: [m[Kâ€˜[01m[Kstd::cout[m[Kâ€™ is defined in header â€˜[01m[K<iostream>[m[Kâ€™; did you forget to â€˜[01m[K#include <iostream>[m[Kâ€™?
[0.079s] [01m[K/home/master/Documents/Code/learnRos/src/six_axis_pubsub/src/teleop_node.cpp:34:82:[m[K [01;31m[Kerror: [m[Kâ€˜[01m[Kendl[m[Kâ€™ is not a member of â€˜[01m[Kstd[m[Kâ€™
[0.079s]    34 |         std::cout << "Selected joint: " << joint_names_[selected_joint_] << std::[01;31m[Kendl[m[K;
[0.079s]       |                                                                                  [01;31m[K^~~~[m[K
[0.079s] [01m[K/home/master/Documents/Code/learnRos/src/six_axis_pubsub/src/teleop_node.cpp:34:82:[m[K [01;36m[Knote: [m[Kâ€˜[01m[Kstd::endl[m[Kâ€™ is defined in header â€˜[01m[K<ostream>[m[Kâ€™; did you forget to â€˜[01m[K#include <ostream>[m[Kâ€™?
[0.080s] [01m[K/home/master/Documents/Code/learnRos/src/six_axis_pubsub/src/teleop_node.cpp:39:18:[m[K [01;31m[Kerror: [m[Kâ€˜[01m[Kcout[m[Kâ€™ is not a member of â€˜[01m[Kstd[m[Kâ€™
[0.080s]    39 |             std::[01;31m[Kcout[m[K << "Press 'w' to raise the joint, 's' to lower the joint, 'q' to quit: ";
[0.080s]       |                  [01;31m[K^~~~[m[K
[0.080s] [01m[K/home/master/Documents/Code/learnRos/src/six_axis_pubsub/src/teleop_node.cpp:39:18:[m[K [01;36m[Knote: [m[Kâ€˜[01m[Kstd::cout[m[Kâ€™ is defined in header â€˜[01m[K<iostream>[m[Kâ€™; did you forget to â€˜[01m[K#include <iostream>[m[Kâ€™?
[0.080s] [01m[K/home/master/Documents/Code/learnRos/src/six_axis_pubsub/src/teleop_node.cpp:40:18:[m[K [01;31m[Kerror: [m[Kâ€˜[01m[Kcin[m[Kâ€™ is not a member of â€˜[01m[Kstd[m[Kâ€™
[0.080s]    40 |             std::[01;31m[Kcin[m[K >> command;
[0.080s]       |                  [01;31m[K^~~[m[K
[0.080s] [01m[K/home/master/Documents/Code/learnRos/src/six_axis_pubsub/src/teleop_node.cpp:40:18:[m[K [01;36m[Knote: [m[Kâ€˜[01m[Kstd::cin[m[Kâ€™ is defined in header â€˜[01m[K<iostream>[m[Kâ€™; did you forget to â€˜[01m[K#include <iostream>[m[Kâ€™?
[0.080s] [01m[K/home/master/Documents/Code/learnRos/src/six_axis_pubsub/src/teleop_node.cpp:44:17:[m[K [01;31m[Kerror: [m[Kâ€˜[01m[Kjoint_positions_[m[Kâ€™ was not declared in this scope
[0.080s]    44 |                 [01;31m[Kjoint_positions_[m[K[selected_joint_] += 0.1;
[0.080s]       |                 [01;31m[K^~~~~~~~~~~~~~~~[m[K
[0.081s] [01m[K/home/master/Documents/Code/learnRos/src/six_axis_pubsub/src/teleop_node.cpp:45:57:[m[K [01;31m[Kerror: [m[Kâ€˜[01m[Kjoint_limits_[m[Kâ€™ was not declared in this scope
[0.081s]    45 |                 if (joint_positions_[selected_joint_] > [01;31m[Kjoint_limits_[m[K[selected_joint_].upper)
[0.081s]       |                                                         [01;31m[K^~~~~~~~~~~~~[m[K
[0.081s] [01m[K/home/master/Documents/Code/learnRos/src/six_axis_pubsub/src/teleop_node.cpp:48:26:[m[K [01;31m[Kerror: [m[Kâ€˜[01m[Kcout[m[Kâ€™ is not a member of â€˜[01m[Kstd[m[Kâ€™
[0.081s]    48 |                     std::[01;31m[Kcout[m[K << "Reached upper limit for " << joint_names_[selected_joint_] << std::endl;
[0.081s]       |                          [01;31m[K^~~~[m[K
[0.081s] [01m[K/home/master/Documents/Code/learnRos/src/six_axis_pubsub/src/teleop_node.cpp:48:26:[m[K [01;36m[Knote: [m[Kâ€˜[01m[Kstd::cout[m[Kâ€™ is defined in header â€˜[01m[K<iostream>[m[Kâ€™; did you forget to â€˜[01m[K#include <iostream>[m[Kâ€™?
[0.081s] [01m[K/home/master/Documents/Code/learnRos/src/six_axis_pubsub/src/teleop_node.cpp:48:102:[m[K [01;31m[Kerror: [m[Kâ€˜[01m[Kendl[m[Kâ€™ is not a member of â€˜[01m[Kstd[m[Kâ€™
[0.082s]    48 |                     std::cout << "Reached upper limit for " << joint_names_[selected_joint_] << std::[01;31m[Kendl[m[K;
[0.082s]       |                                                                                                      [01;31m[K^~~~[m[K
[0.083s] [01m[K/home/master/Documents/Code/learnRos/src/six_axis_pubsub/src/teleop_node.cpp:48:102:[m[K [01;36m[Knote: [m[Kâ€˜[01m[Kstd::endl[m[Kâ€™ is defined in header â€˜[01m[K<ostream>[m[Kâ€™; did you forget to â€˜[01m[K#include <ostream>[m[Kâ€™?
[0.083s] [01m[K/home/master/Documents/Code/learnRos/src/six_axis_pubsub/src/teleop_node.cpp:50:17:[m[K [01;31m[Kerror: [m[Kâ€˜[01m[Kpublish_trajectory[m[Kâ€™ was not declared in this scope
[0.083s]    50 |                 [01;31m[Kpublish_trajectory[m[K();
[0.083s]       |                 [01;31m[K^~~~~~~~~~~~~~~~~~[m[K
[0.084s] [01m[K/home/master/Documents/Code/learnRos/src/six_axis_pubsub/src/teleop_node.cpp:54:17:[m[K [01;31m[Kerror: [m[Kâ€˜[01m[Kjoint_positions_[m[Kâ€™ was not declared in this scope
[0.084s]    54 |                 [01;31m[Kjoint_positions_[m[K[selected_joint_] -= 0.1;
[0.084s]       |                 [01;31m[K^~~~~~~~~~~~~~~~[m[K
[0.084s] [01m[K/home/master/Documents/Code/learnRos/src/six_axis_pubsub/src/teleop_node.cpp:55:57:[m[K [01;31m[Kerror: [m[Kâ€˜[01m[Kjoint_limits_[m[Kâ€™ was not declared in this scope
[0.084s]    55 |                 if (joint_positions_[selected_joint_] < [01;31m[Kjoint_limits_[m[K[selected_joint_].lower)
[0.085s]       |                                                         [01;31m[K^~~~~~~~~~~~~[m[K
[0.085s] [01m[K/home/master/Documents/Code/learnRos/src/six_axis_pubsub/src/teleop_node.cpp:58:26:[m[K [01;31m[Kerror: [m[Kâ€˜[01m[Kcout[m[Kâ€™ is not a member of â€˜[01m[Kstd[m[Kâ€™
[0.085s]    58 |                     std::[01;31m[Kcout[m[K << "Reached lower limit for " << joint_names_[selected_joint_] << std::endl;
[0.085s]       |                          [01;31m[K^~~~[m[K
[0.086s] [01m[K/home/master/Documents/Code/learnRos/src/six_axis_pubsub/src/teleop_node.cpp:58:26:[m[K [01;36m[Knote: [m[Kâ€˜[01m[Kstd::cout[m[Kâ€™ is defined in header â€˜[01m[K<iostream>[m[Kâ€™; did you forget to â€˜[01m[K#include <iostream>[m[Kâ€™?
[0.086s] [01m[K/home/master/Documents/Code/learnRos/src/six_axis_pubsub/src/teleop_node.cpp:58:102:[m[K [01;31m[Kerror: [m[Kâ€˜[01m[Kendl[m[Kâ€™ is not a member of â€˜[01m[Kstd[m[Kâ€™
[0.086s]    58 |                     std::cout << "Reached lower limit for " << joint_names_[selected_joint_] << std::[01;31m[Kendl[m[K;
[0.086s]       |                                                                                                      [01;31m[K^~~~[m[K
[0.087s] [01m[K/home/master/Documents/Code/learnRos/src/six_axis_pubsub/src/teleop_node.cpp:58:102:[m[K [01;36m[Knote: [m[Kâ€˜[01m[Kstd::endl[m[Kâ€™ is defined in header â€˜[01m[K<ostream>[m[Kâ€™; did you forget to â€˜[01m[K#include <ostream>[m[Kâ€™?
[0.087s] [01m[K/home/master/Documents/Code/learnRos/src/six_axis_pubsub/src/teleop_node.cpp:60:17:[m[K [01;31m[Kerror: [m[Kâ€˜[01m[Kpublish_trajectory[m[Kâ€™ was not declared in this scope
[0.087s]    60 |                 [01;31m[Kpublish_trajectory[m[K();
[0.087s]       |                 [01;31m[K^~~~~~~~~~~~~~~~~~[m[K
[0.087s] [01m[K/home/master/Documents/Code/learnRos/src/six_axis_pubsub/src/teleop_node.cpp:68:22:[m[K [01;31m[Kerror: [m[Kâ€˜[01m[Kcout[m[Kâ€™ is not a member of â€˜[01m[Kstd[m[Kâ€™
[0.087s]    68 |                 std::[01;31m[Kcout[m[K << "Invalid command. Use 'w', 's', or 'q'." << std::endl;
[0.088s]       |                      [01;31m[K^~~~[m[K
[0.088s] [01m[K/home/master/Documents/Code/learnRos/src/six_axis_pubsub/src/teleop_node.cpp:68:22:[m[K [01;36m[Knote: [m[Kâ€˜[01m[Kstd::cout[m[Kâ€™ is defined in header â€˜[01m[K<iostream>[m[Kâ€™; did you forget to â€˜[01m[K#include <iostream>[m[Kâ€™?
[0.088s] [01m[K/home/master/Documents/Code/learnRos/src/six_axis_pubsub/src/teleop_node.cpp:68:79:[m[K [01;31m[Kerror: [m[Kâ€˜[01m[Kendl[m[Kâ€™ is not a member of â€˜[01m[Kstd[m[Kâ€™
[0.089s]    68 |                 std::cout << "Invalid command. Use 'w', 's', or 'q'." << std::[01;31m[Kendl[m[K;
[0.089s]       |                                                                               [01;31m[K^~~~[m[K
[0.089s] [01m[K/home/master/Documents/Code/learnRos/src/six_axis_pubsub/src/teleop_node.cpp:68:79:[m[K [01;36m[Knote: [m[Kâ€˜[01m[Kstd::endl[m[Kâ€™ is defined in header â€˜[01m[K<ostream>[m[Kâ€™; did you forget to â€˜[01m[K#include <ostream>[m[Kâ€™?
[0.089s] gmake[2]: *** [CMakeFiles/teleop_node.dir/build.make:76: CMakeFiles/teleop_node.dir/src/teleop_node.cpp.o] Error 1
[0.089s] gmake[1]: *** [CMakeFiles/Makefile2:165: CMakeFiles/teleop_node.dir/all] Error 2
[0.089s] gmake: *** [Makefile:146: all] Error 2
[0.090s] Invoked command in '/home/master/Documents/Code/learnRos/build/six_axis_pubsub' returned '2': CMAKE_PREFIX_PATH=${CMAKE_PREFIX_PATH}:/opt/ros/jazzy DEBUGINFOD_URLS=https://debuginfod.ubuntu.com /usr/bin/cmake --build /home/master/Documents/Code/learnRos/build/six_axis_pubsub -- -j48 -l48
