[ 25%] [32mBuilding CXX object CMakeFiles/teleop_node.dir/src/teleop_node.cpp.o[0m
[ 50%] [32mBuilding CXX object CMakeFiles/arm_controller.dir/src/arm_controller.cpp.o[0m
[01m[K/home/master/Documents/Code/learnRos/src/six_axis_pubsub/src/arm_controller.cpp:50:5:[m[K [01;31m[Kerror: [m[Kâ€˜[01m[Kjoint_states_[m[Kâ€™ does not name a type
   50 |     [01;31m[Kjoint_states_[m[K.header.stamp = this->get_clock()->now();
      |     [01;31m[K^~~~~~~~~~~~~[m[K
[01m[K/home/master/Documents/Code/learnRos/src/six_axis_pubsub/src/arm_controller.cpp:51:5:[m[K [01;31m[Kerror: [m[Kâ€˜[01m[Kjoint_state_publisher_[m[Kâ€™ does not name a type
   51 |     [01;31m[Kjoint_state_publisher_[m[K->publish(joint_states_);
      |     [01;31m[K^~~~~~~~~~~~~~~~~~~~~~[m[K
[01m[K/home/master/Documents/Code/learnRos/src/six_axis_pubsub/src/arm_controller.cpp:[m[K In constructor â€˜[01m[KArmController::[01;32m[KArmController[m[K()[m[Kâ€™:
[01m[K/home/master/Documents/Code/learnRos/src/six_axis_pubsub/src/arm_controller.cpp:11:9:[m[K [01;31m[Kerror: [m[Kâ€˜[01m[Ksubscription_[m[Kâ€™ was not declared in this scope; did you mean â€˜[01m[Krmw_subscription_t[m[Kâ€™?
   11 |         [01;31m[Ksubscription_[m[K = this->create_subscription<trajectory_msgs::msg::JointTrajectory>(
      |         [01;31m[K^~~~~~~~~~~~~[m[K
      |         [32m[Krmw_subscription_t[m[K
[01m[K/home/master/Documents/Code/learnRos/src/six_axis_pubsub/src/arm_controller.cpp:16:9:[m[K [01;31m[Kerror: [m[Kâ€˜[01m[Kjoint_state_publisher_[m[Kâ€™ was not declared in this scope
   16 |         [01;31m[Kjoint_state_publisher_[m[K = this->create_publisher<sensor_msgs::msg::JointState>("/joint_states", 10);
      |         [01;31m[K^~~~~~~~~~~~~~~~~~~~~~[m[K
[01m[K/home/master/Documents/Code/learnRos/src/six_axis_pubsub/src/arm_controller.cpp:19:9:[m[K [01;31m[Kerror: [m[Kâ€˜[01m[Kjoint_states_[m[Kâ€™ was not declared in this scope
   19 |         [01;31m[Kjoint_states_[m[K.name = {"joint_1", "joint_2", "joint_3", "joint_4", "joint_5", "joint_6"};
      |         [01;31m[K^~~~~~~~~~~~~[m[K
[01m[K/home/master/Documents/Code/learnRos/src/six_axis_pubsub/src/arm_controller.cpp:[m[K In member function â€˜[01m[Kvoid ArmController::[01;32m[Ktrajectory_callback[m[K(trajectory_msgs::msg::JointTrajectory_<std::allocator<void> >::SharedPtr)[m[Kâ€™:
[01m[K/home/master/Documents/Code/learnRos/src/six_axis_pubsub/src/arm_controller.cpp:35:33:[m[K [01;31m[Kerror: [m[Kâ€˜[01m[Kjoint_states_[m[Kâ€™ was not declared in this scope
   35 |             auto it = std::find([01;31m[Kjoint_states_[m[K.name.begin(), joint_states_.name.end(), msg->joint_names[i]);
      |                                 [01;31m[K^~~~~~~~~~~~~[m[K
[01m[K/home/master/Documents/Code/learnRos/src/six_axis_pubsub/src/arm_controller.cpp:44:9:[m[K [01;31m[Kerror: [m[Kâ€˜[01m[Kjoint_states_[m[Kâ€™ was not declared in this scope
   44 |         [01;31m[Kjoint_states_[m[K.header.stamp = this->get_clock()->now();
      |         [01;31m[K^~~~~~~~~~~~~[m[K
[01m[K/home/master/Documents/Code/learnRos/src/six_axis_pubsub/src/arm_controller.cpp:45:9:[m[K [01;31m[Kerror: [m[Kâ€˜[01m[Kjoint_state_publisher_[m[Kâ€™ was not declared in this scope
   45 |         [01;31m[Kjoint_state_publisher_[m[K->publish(joint_states_);
      |         [01;31m[K^~~~~~~~~~~~~~~~~~~~~~[m[K
[01m[K/home/master/Documents/Code/learnRos/src/six_axis_pubsub/src/arm_controller.cpp:[m[K At global scope:
[01m[K/home/master/Documents/Code/learnRos/src/six_axis_pubsub/src/arm_controller.cpp:56:5:[m[K [01;31m[Kerror: [m[Kspecializing member â€˜[01m[Krclcpp::Subscription<trajectory_msgs::msg::JointTrajectory_<std::allocator<void> >, std::allocator<void>, trajectory_msgs::msg::JointTrajectory_<std::allocator<void> >, trajectory_msgs::msg::JointTrajectory_<std::allocator<void> >, rclcpp::message_memory_strategy::MessageMemoryStrategy<trajectory_msgs::msg::JointTrajectory_<std::allocator<void> >, std::allocator<void> > >::SharedPtr[m[Kâ€™ requires â€˜[01m[Ktemplate<>[m[Kâ€™ syntax
   56 |     [01;31m[Krclcpp[m[K::Subscription<trajectory_msgs::msg::JointTrajectory>::SharedPtr subscription_;
      |     [01;31m[K^~~~~~[m[K
[01m[K/home/master/Documents/Code/learnRos/src/six_axis_pubsub/src/arm_controller.cpp:59:1:[m[K [01;31m[Kerror: [m[Kexpected declaration before â€˜[01m[K}[m[Kâ€™ token
   59 | [01;31m[K}[m[K;
      | [01;31m[K^[m[K
[ 75%] [32m[1mLinking CXX executable teleop_node[0m
gmake[2]: *** [CMakeFiles/arm_controller.dir/build.make:76: CMakeFiles/arm_controller.dir/src/arm_controller.cpp.o] Error 1
gmake[1]: *** [CMakeFiles/Makefile2:139: CMakeFiles/arm_controller.dir/all] Error 2
gmake[1]: *** Waiting for unfinished jobs....
[ 75%] Built target teleop_node
gmake: *** [Makefile:146: all] Error 2
