[0.008s] Invoking command in '/home/master/Documents/Code/learnRos/build/six_axis_pubsub': CMAKE_PREFIX_PATH=${CMAKE_PREFIX_PATH}:/opt/ros/jazzy DEBUGINFOD_URLS=https://debuginfod.ubuntu.com /usr/bin/cmake --build /home/master/Documents/Code/learnRos/build/six_axis_pubsub -- -j48 -l48
[0.068s] [ 25%] [32mBuilding CXX object CMakeFiles/teleop_node.dir/src/teleop_node.cpp.o[0m
[0.078s] [ 50%] [32mBuilding CXX object CMakeFiles/arm_controller.dir/src/arm_controller.cpp.o[0m
[1.708s] [01m[K/home/master/Documents/Code/learnRos/src/six_axis_pubsub/src/arm_controller.cpp:50:5:[m[K [01;31m[Kerror: [m[Kâ€˜[01m[Kjoint_states_[m[Kâ€™ does not name a type
[1.708s]    50 |     [01;31m[Kjoint_states_[m[K.header.stamp = this->get_clock()->now();
[1.708s]       |     [01;31m[K^~~~~~~~~~~~~[m[K
[1.711s] [01m[K/home/master/Documents/Code/learnRos/src/six_axis_pubsub/src/arm_controller.cpp:51:5:[m[K [01;31m[Kerror: [m[Kâ€˜[01m[Kjoint_state_publisher_[m[Kâ€™ does not name a type
[1.711s]    51 |     [01;31m[Kjoint_state_publisher_[m[K->publish(joint_states_);
[1.711s]       |     [01;31m[K^~~~~~~~~~~~~~~~~~~~~~[m[K
[1.717s] [01m[K/home/master/Documents/Code/learnRos/src/six_axis_pubsub/src/arm_controller.cpp:[m[K In constructor â€˜[01m[KArmController::[01;32m[KArmController[m[K()[m[Kâ€™:
[1.717s] [01m[K/home/master/Documents/Code/learnRos/src/six_axis_pubsub/src/arm_controller.cpp:11:9:[m[K [01;31m[Kerror: [m[Kâ€˜[01m[Ksubscription_[m[Kâ€™ was not declared in this scope; did you mean â€˜[01m[Krmw_subscription_t[m[Kâ€™?
[1.717s]    11 |         [01;31m[Ksubscription_[m[K = this->create_subscription<trajectory_msgs::msg::JointTrajectory>(
[1.717s]       |         [01;31m[K^~~~~~~~~~~~~[m[K
[1.717s]       |         [32m[Krmw_subscription_t[m[K
[1.748s] [01m[K/home/master/Documents/Code/learnRos/src/six_axis_pubsub/src/arm_controller.cpp:16:9:[m[K [01;31m[Kerror: [m[Kâ€˜[01m[Kjoint_state_publisher_[m[Kâ€™ was not declared in this scope
[1.749s]    16 |         [01;31m[Kjoint_state_publisher_[m[K = this->create_publisher<sensor_msgs::msg::JointState>("/joint_states", 10);
[1.749s]       |         [01;31m[K^~~~~~~~~~~~~~~~~~~~~~[m[K
[1.755s] [01m[K/home/master/Documents/Code/learnRos/src/six_axis_pubsub/src/arm_controller.cpp:19:9:[m[K [01;31m[Kerror: [m[Kâ€˜[01m[Kjoint_states_[m[Kâ€™ was not declared in this scope
[1.755s]    19 |         [01;31m[Kjoint_states_[m[K.name = {"joint_1", "joint_2", "joint_3", "joint_4", "joint_5", "joint_6"};
[1.755s]       |         [01;31m[K^~~~~~~~~~~~~[m[K
[1.762s] [01m[K/home/master/Documents/Code/learnRos/src/six_axis_pubsub/src/arm_controller.cpp:[m[K In member function â€˜[01m[Kvoid ArmController::[01;32m[Ktrajectory_callback[m[K(trajectory_msgs::msg::JointTrajectory_<std::allocator<void> >::SharedPtr)[m[Kâ€™:
[1.762s] [01m[K/home/master/Documents/Code/learnRos/src/six_axis_pubsub/src/arm_controller.cpp:35:33:[m[K [01;31m[Kerror: [m[Kâ€˜[01m[Kjoint_states_[m[Kâ€™ was not declared in this scope
[1.762s]    35 |             auto it = std::find([01;31m[Kjoint_states_[m[K.name.begin(), joint_states_.name.end(), msg->joint_names[i]);
[1.763s]       |                                 [01;31m[K^~~~~~~~~~~~~[m[K
[1.767s] [01m[K/home/master/Documents/Code/learnRos/src/six_axis_pubsub/src/arm_controller.cpp:44:9:[m[K [01;31m[Kerror: [m[Kâ€˜[01m[Kjoint_states_[m[Kâ€™ was not declared in this scope
[1.768s]    44 |         [01;31m[Kjoint_states_[m[K.header.stamp = this->get_clock()->now();
[1.768s]       |         [01;31m[K^~~~~~~~~~~~~[m[K
[1.776s] [01m[K/home/master/Documents/Code/learnRos/src/six_axis_pubsub/src/arm_controller.cpp:45:9:[m[K [01;31m[Kerror: [m[Kâ€˜[01m[Kjoint_state_publisher_[m[Kâ€™ was not declared in this scope
[1.777s]    45 |         [01;31m[Kjoint_state_publisher_[m[K->publish(joint_states_);
[1.777s]       |         [01;31m[K^~~~~~~~~~~~~~~~~~~~~~[m[K
[1.777s] [01m[K/home/master/Documents/Code/learnRos/src/six_axis_pubsub/src/arm_controller.cpp:[m[K At global scope:
[1.777s] [01m[K/home/master/Documents/Code/learnRos/src/six_axis_pubsub/src/arm_controller.cpp:56:5:[m[K [01;31m[Kerror: [m[Kspecializing member â€˜[01m[Krclcpp::Subscription<trajectory_msgs::msg::JointTrajectory_<std::allocator<void> >, std::allocator<void>, trajectory_msgs::msg::JointTrajectory_<std::allocator<void> >, trajectory_msgs::msg::JointTrajectory_<std::allocator<void> >, rclcpp::message_memory_strategy::MessageMemoryStrategy<trajectory_msgs::msg::JointTrajectory_<std::allocator<void> >, std::allocator<void> > >::SharedPtr[m[Kâ€™ requires â€˜[01m[Ktemplate<>[m[Kâ€™ syntax
[1.777s]    56 |     [01;31m[Krclcpp[m[K::Subscription<trajectory_msgs::msg::JointTrajectory>::SharedPtr subscription_;
[1.777s]       |     [01;31m[K^~~~~~[m[K
[1.779s] [01m[K/home/master/Documents/Code/learnRos/src/six_axis_pubsub/src/arm_controller.cpp:59:1:[m[K [01;31m[Kerror: [m[Kexpected declaration before â€˜[01m[K}[m[Kâ€™ token
[1.779s]    59 | [01;31m[K}[m[K;
[1.779s]       | [01;31m[K^[m[K
[3.303s] [ 75%] [32m[1mLinking CXX executable teleop_node[0m
[3.315s] gmake[2]: *** [CMakeFiles/arm_controller.dir/build.make:76: CMakeFiles/arm_controller.dir/src/arm_controller.cpp.o] Error 1
[3.315s] gmake[1]: *** [CMakeFiles/Makefile2:139: CMakeFiles/arm_controller.dir/all] Error 2
[3.315s] gmake[1]: *** Waiting for unfinished jobs....
[3.465s] [ 75%] Built target teleop_node
[3.466s] gmake: *** [Makefile:146: all] Error 2
[3.469s] Invoked command in '/home/master/Documents/Code/learnRos/build/six_axis_pubsub' returned '2': CMAKE_PREFIX_PATH=${CMAKE_PREFIX_PATH}:/opt/ros/jazzy DEBUGINFOD_URLS=https://debuginfod.ubuntu.com /usr/bin/cmake --build /home/master/Documents/Code/learnRos/build/six_axis_pubsub -- -j48 -l48
